This is pdfTeX, Version 3.14159265-2.6-1.40.17 (MiKTeX 2.9) (preloaded format=pdflatex 2016.5.21)  11 JUN 2016 11:23
entering extended mode
**./poltext.tex
(poltext.tex
LaTeX2e <2016/03/31>
Babel <3.9r> and hyphenation patterns for 75 language(s) loaded.
("C:\Users\thfe\AppData\Local\Programs\MiKTeX 2.9\tex\latex\base\article.cls"
Document Class: article 2014/09/29 v1.4h Standard LaTeX document class
("C:\Users\thfe\AppData\Local\Programs\MiKTeX 2.9\tex\latex\base\size10.clo"
File: size10.clo 2014/09/29 v1.4h Standard LaTeX file (size option)
)
\c@part=\count79
\c@section=\count80
\c@subsection=\count81
\c@subsubsection=\count82
\c@paragraph=\count83
\c@subparagraph=\count84
\c@figure=\count85
\c@table=\count86
\abovecaptionskip=\skip41
\belowcaptionskip=\skip42
\bibindent=\dimen102
)
("C:\Users\thfe\AppData\Local\Programs\MiKTeX 2.9\tex\latex\psnfss\times.sty"
Package: times 2005/04/12 PSNFSS-v9.2a (SPQR) 
)
("C:\Users\thfe\AppData\Local\Programs\MiKTeX 2.9\tex\latex\graphics\graphicx.s
ty"
Package: graphicx 2014/10/28 v1.0g Enhanced LaTeX Graphics (DPC,SPQR)

("C:\Users\thfe\AppData\Local\Programs\MiKTeX 2.9\tex\latex\graphics\keyval.sty
"
Package: keyval 2014/10/28 v1.15 key=value parser (DPC)
\KV@toks@=\toks14
)
("C:\Users\thfe\AppData\Local\Programs\MiKTeX 2.9\tex\latex\graphics\graphics.s
ty"
Package: graphics 2016/05/09 v1.0r Standard LaTeX Graphics (DPC,SPQR)

("C:\Users\thfe\AppData\Local\Programs\MiKTeX 2.9\tex\latex\graphics\trig.sty"
Package: trig 2016/01/03 v1.10 sin cos tan (DPC)
)
("C:\Users\thfe\AppData\Local\Programs\MiKTeX 2.9\tex\latex\00miktex\graphics.c
fg"
File: graphics.cfg 2016/01/02 v1.10 sample graphics configuration
)
Package graphics Info: Driver file: pdftex.def on input line 96.

("C:\Users\thfe\AppData\Local\Programs\MiKTeX 2.9\tex\latex\pdftex-def\pdftex.d
ef"
File: pdftex.def 2011/05/27 v0.06d Graphics/color for pdfTeX

("C:\Users\thfe\AppData\Local\Programs\MiKTeX 2.9\tex\generic\oberdiek\infwarer
r.sty"
Package: infwarerr 2016/05/16 v1.4 Providing info/warning/error messages (HO)
)
("C:\Users\thfe\AppData\Local\Programs\MiKTeX 2.9\tex\generic\oberdiek\ltxcmds.
sty"
Package: ltxcmds 2016/05/16 v1.23 LaTeX kernel commands for general use (HO)
)
\Gread@gobject=\count87
))
\Gin@req@height=\dimen103
\Gin@req@width=\dimen104
)
("C:\Users\thfe\AppData\Local\Programs\MiKTeX 2.9\tex\latex\subfigure\subfigure
.sty"
Package: subfigure 2002/07/30 v2.1.4 subfigure package
\subfigtopskip=\skip43
\subfigcapskip=\skip44
\subfigcaptopadj=\dimen105
\subfigbottomskip=\skip45
\subfigcapmargin=\dimen106
\subfiglabelskip=\skip46
\c@subfigure=\count88
\c@lofdepth=\count89
\c@subtable=\count90
\c@lotdepth=\count91

****************************************
* Local config file subfigure.cfg used *
****************************************

("C:\Users\thfe\AppData\Local\Programs\MiKTeX 2.9\tex\latex\subfigure\subfigure
.cfg")
\subfig@top=\skip47
\subfig@bottom=\skip48
)
("C:\Users\thfe\AppData\Local\Programs\MiKTeX 2.9\tex\latex\natbib\natbib.sty"
Package: natbib 2010/09/13 8.31b (PWD, AO)
\bibhang=\skip49
\bibsep=\skip50
LaTeX Info: Redefining \cite on input line 694.
\c@NAT@ctr=\count92
) ("C:\Users\thfe\AppData\Local\Programs\MiKTeX 2.9\tex\latex\amsmath\amsmath.s
ty"
Package: amsmath 2016/03/10 v2.15b AMS math features
\@mathmargin=\skip51

For additional information on amsmath, use the `?' option.
("C:\Users\thfe\AppData\Local\Programs\MiKTeX 2.9\tex\latex\amsmath\amstext.sty
"
Package: amstext 2000/06/29 v2.01 AMS text
 ("C:\Users\thfe\AppData\Local\Programs\MiKTeX 2.9\tex\latex\amsmath\amsgen.sty
"
File: amsgen.sty 1999/11/30 v2.0 generic functions
\@emptytoks=\toks15
\ex@=\dimen107
))
("C:\Users\thfe\AppData\Local\Programs\MiKTeX 2.9\tex\latex\amsmath\amsbsy.sty"
Package: amsbsy 1999/11/29 v1.2d Bold Symbols
\pmbraise@=\dimen108
) ("C:\Users\thfe\AppData\Local\Programs\MiKTeX 2.9\tex\latex\amsmath\amsopn.st
y"
Package: amsopn 2016/03/08 v2.02 operator names
)
\inf@bad=\count93
LaTeX Info: Redefining \frac on input line 199.
\uproot@=\count94
\leftroot@=\count95
LaTeX Info: Redefining \overline on input line 297.
\classnum@=\count96
\DOTSCASE@=\count97
LaTeX Info: Redefining \ldots on input line 394.
LaTeX Info: Redefining \dots on input line 397.
LaTeX Info: Redefining \cdots on input line 518.
\Mathstrutbox@=\box26
\strutbox@=\box27
\big@size=\dimen109
LaTeX Font Info:    Redeclaring font encoding OML on input line 634.
LaTeX Font Info:    Redeclaring font encoding OMS on input line 635.
\macc@depth=\count98
\c@MaxMatrixCols=\count99
\dotsspace@=\muskip10
\c@parentequation=\count100
\dspbrk@lvl=\count101
\tag@help=\toks16
\row@=\count102
\column@=\count103
\maxfields@=\count104
\andhelp@=\toks17
\eqnshift@=\dimen110
\alignsep@=\dimen111
\tagshift@=\dimen112
\tagwidth@=\dimen113
\totwidth@=\dimen114
\lineht@=\dimen115
\@envbody=\toks18
\multlinegap=\skip52
\multlinetaggap=\skip53
\mathdisplay@stack=\toks19
LaTeX Info: Redefining \[ on input line 2739.
LaTeX Info: Redefining \] on input line 2740.
)
("C:\Users\thfe\AppData\Local\Programs\MiKTeX 2.9\tex\latex\amsfonts\amsfonts.s
ty"
Package: amsfonts 2013/01/14 v3.01 Basic AMSFonts support
\symAMSa=\mathgroup4
\symAMSb=\mathgroup5
LaTeX Font Info:    Overwriting math alphabet `\mathfrak' in version `bold'
(Font)                  U/euf/m/n --> U/euf/b/n on input line 106.
)
("C:\Users\thfe\AppData\Local\Programs\MiKTeX 2.9\tex\latex\amsmath\amscd.sty"
Package: amscd 1999/11/29 v2.0 AMS Commutatitive Diagrams
\athelp@=\toks20
\minaw@=\dimen116
\bigaw@=\dimen117
\minCDarrowwidth=\dimen118
)
("C:\Users\thfe\AppData\Local\Programs\MiKTeX 2.9\tex\latex\amsfonts\amssymb.st
y"
Package: amssymb 2013/01/14 v3.01 AMS font symbols
)
("C:\Users\thfe\AppData\Local\Programs\MiKTeX 2.9\tex\latex\dstroke\dsfont.sty"
Package: dsfont 1995/08/01 v0.1 Double stroke roman fonts
)
("C:\Users\thfe\AppData\Local\Programs\MiKTeX 2.9\tex\latex\hyperref\hyperref.s
ty"
Package: hyperref 2016/05/05 v6.83n Hypertext links for LaTeX

("C:\Users\thfe\AppData\Local\Programs\MiKTeX 2.9\tex\generic\oberdiek\hobsub-h
yperref.sty"
Package: hobsub-hyperref 2016/05/16 v1.14 Bundle oberdiek, subset hyperref (HO)


("C:\Users\thfe\AppData\Local\Programs\MiKTeX 2.9\tex\generic\oberdiek\hobsub-g
eneric.sty"
Package: hobsub-generic 2016/05/16 v1.14 Bundle oberdiek, subset generic (HO)
Package: hobsub 2016/05/16 v1.14 Construct package bundles (HO)
Package hobsub Info: Skipping package `infwarerr' (already loaded).
Package hobsub Info: Skipping package `ltxcmds' (already loaded).
Package: ifluatex 2016/05/16 v1.4 Provides the ifluatex switch (HO)
Package ifluatex Info: LuaTeX not detected.
Package: ifvtex 2016/05/16 v1.6 Detect VTeX and its facilities (HO)
Package ifvtex Info: VTeX not detected.
Package: intcalc 2016/05/16 v1.2 Expandable calculations with integers (HO)
Package: ifpdf 2016/05/14 v3.1 Provides the ifpdf switch
Package: etexcmds 2016/05/16 v1.6 Avoid name clashes with e-TeX commands (HO)
Package etexcmds Info: Could not find \expanded.
(etexcmds)             That can mean that you are not using pdfTeX 1.50 or
(etexcmds)             that some package has redefined \expanded.
(etexcmds)             In the latter case, load this package earlier.
Package: kvsetkeys 2016/05/16 v1.17 Key value parser (HO)
Package: kvdefinekeys 2016/05/16 v1.4 Define keys (HO)
Package: pdftexcmds 2016/05/10 v0.21 Utility functions of pdfTeX for LuaTeX (HO
)
Package pdftexcmds Info: LuaTeX not detected.
Package pdftexcmds Info: \pdf@primitive is available.
Package pdftexcmds Info: \pdf@ifprimitive is available.
Package pdftexcmds Info: \pdfdraftmode found.
Package: pdfescape 2016/05/16 v1.14 Implements pdfTeX's escape features (HO)
Package: bigintcalc 2016/05/16 v1.4 Expandable calculations on big integers (HO
)
Package: bitset 2016/05/16 v1.2 Handle bit-vector datatype (HO)
Package: uniquecounter 2016/05/16 v1.3 Provide unlimited unique counter (HO)
)
Package hobsub Info: Skipping package `hobsub' (already loaded).
Package: letltxmacro 2016/05/16 v1.5 Let assignment for LaTeX macros (HO)
Package: hopatch 2016/05/16 v1.3 Wrapper for package hooks (HO)
Package: xcolor-patch 2016/05/16 xcolor patch
Package: atveryend 2016/05/16 v1.9 Hooks at the very end of document (HO)
Package atveryend Info: \enddocument detected (standard20110627).
Package: atbegshi 2016/05/16 v1.17 At begin shipout hook (HO)
Package: refcount 2016/05/16 v3.5 Data extraction from label references (HO)
Package: hycolor 2016/05/16 v1.8 Color options for hyperref/bookmark (HO)
)
("C:\Users\thfe\AppData\Local\Programs\MiKTeX 2.9\tex\generic\ifxetex\ifxetex.s
ty"
Package: ifxetex 2010/09/12 v0.6 Provides ifxetex conditional
)
("C:\Users\thfe\AppData\Local\Programs\MiKTeX 2.9\tex\latex\oberdiek\auxhook.st
y"
Package: auxhook 2016/05/16 v1.4 Hooks for auxiliary files (HO)
)
("C:\Users\thfe\AppData\Local\Programs\MiKTeX 2.9\tex\latex\oberdiek\kvoptions.
sty"
Package: kvoptions 2016/05/16 v3.12 Key value format for package options (HO)
)
\@linkdim=\dimen119
\Hy@linkcounter=\count105
\Hy@pagecounter=\count106

("C:\Users\thfe\AppData\Local\Programs\MiKTeX 2.9\tex\latex\hyperref\pd1enc.def
"
File: pd1enc.def 2016/05/05 v6.83n Hyperref: PDFDocEncoding definition (HO)
)
\Hy@SavedSpaceFactor=\count107

("C:\Users\thfe\AppData\Local\Programs\MiKTeX 2.9\tex\latex\00miktex\hyperref.c
fg"
File: hyperref.cfg 2002/06/06 v1.2 hyperref configuration of TeXLive
)
Package hyperref Info: Hyper figures OFF on input line 4446.
Package hyperref Info: Link nesting OFF on input line 4451.
Package hyperref Info: Hyper index ON on input line 4454.
Package hyperref Info: Plain pages OFF on input line 4461.
Package hyperref Info: Backreferencing OFF on input line 4466.
Package hyperref Info: Implicit mode ON; LaTeX internals redefined.
Package hyperref Info: Bookmarks ON on input line 4691.
\c@Hy@tempcnt=\count108
 ("C:\Users\thfe\AppData\Local\Programs\MiKTeX 2.9\tex\latex\url\url.sty"
\Urlmuskip=\muskip11
Package: url 2013/09/16  ver 3.4  Verb mode for urls, etc.
)
LaTeX Info: Redefining \url on input line 5044.
\XeTeXLinkMargin=\dimen120
\Fld@menulength=\count109
\Field@Width=\dimen121
\Fld@charsize=\dimen122
Package hyperref Info: Hyper figures OFF on input line 6298.
Package hyperref Info: Link nesting OFF on input line 6303.
Package hyperref Info: Hyper index ON on input line 6306.
Package hyperref Info: backreferencing OFF on input line 6313.
Package hyperref Info: Link coloring OFF on input line 6318.
Package hyperref Info: Link coloring with OCG OFF on input line 6323.
Package hyperref Info: PDF/A mode OFF on input line 6328.
LaTeX Info: Redefining \ref on input line 6368.
LaTeX Info: Redefining \pageref on input line 6372.
\Hy@abspage=\count110
\c@Item=\count111
\c@Hfootnote=\count112
)

Package hyperref Message: Driver (autodetected): hpdftex.


("C:\Users\thfe\AppData\Local\Programs\MiKTeX 2.9\tex\latex\hyperref\hpdftex.de
f"
File: hpdftex.def 2016/05/05 v6.83n Hyperref driver for pdfTeX
\Fld@listcount=\count113
\c@bookmark@seq@number=\count114

("C:\Users\thfe\AppData\Local\Programs\MiKTeX 2.9\tex\latex\oberdiek\rerunfilec
heck.sty"
Package: rerunfilecheck 2016/05/16 v1.8 Rerun checks for auxiliary files (HO)
Package uniquecounter Info: New unique counter `rerunfilecheck' on input line 2
82.
)
\Hy@SectionHShift=\skip54
)
("C:\Users\thfe\AppData\Local\Programs\MiKTeX 2.9\tex\latex\tools\multicol.sty"
Package: multicol 2016/04/07 v1.8p multicolumn formatting (FMi)
\c@tracingmulticols=\count115
\mult@box=\box28
\multicol@leftmargin=\dimen123
\c@unbalance=\count116
\c@collectmore=\count117
\doublecol@number=\count118
\multicoltolerance=\count119
\multicolpretolerance=\count120
\full@width=\dimen124
\page@free=\dimen125
\premulticols=\dimen126
\postmulticols=\dimen127
\multicolsep=\skip55
\multicolbaselineskip=\skip56
\partial@page=\box29
\last@line=\box30
\maxbalancingoverflow=\dimen128
\mult@rightbox=\box31
\mult@grightbox=\box32
\mult@gfirstbox=\box33
\mult@firstbox=\box34
\@tempa=\box35
\@tempa=\box36
\@tempa=\box37
\@tempa=\box38
\@tempa=\box39
\@tempa=\box40
\@tempa=\box41
\@tempa=\box42
\@tempa=\box43
\@tempa=\box44
\@tempa=\box45
\@tempa=\box46
\@tempa=\box47
\@tempa=\box48
\@tempa=\box49
\@tempa=\box50
\@tempa=\box51
\c@columnbadness=\count121
\c@finalcolumnbadness=\count122
\last@try=\dimen129
\multicolovershoot=\dimen130
\multicolundershoot=\dimen131
\mult@nat@firstbox=\box52
\colbreak@box=\box53
\mc@col@check@num=\count123
)
("C:\Users\thfe\AppData\Local\Programs\MiKTeX 2.9\tex\latex\multirow\multirow.s
ty"
\bigstrutjot=\dimen132
) ("C:\Users\thfe\AppData\Local\Programs\MiKTeX 2.9\tex\latex\pbox\pbox.sty"
Package: pbox 2011/12/07 v1.2 Dynamic parboxes
("C:\Users\thfe\AppData\Local\Programs\MiKTeX 2.9\tex\latex\tools\calc.sty"
Package: calc 2014/10/28 v4.3 Infix arithmetic (KKT,FJ)
\calc@Acount=\count124
\calc@Bcount=\count125
\calc@Adimen=\dimen133
\calc@Bdimen=\dimen134
\calc@Askip=\skip57
\calc@Bskip=\skip58
LaTeX Info: Redefining \setlength on input line 80.
LaTeX Info: Redefining \addtolength on input line 81.
\calc@Ccount=\count126
\calc@Cskip=\skip59
)
("C:\Users\thfe\AppData\Local\Programs\MiKTeX 2.9\tex\latex\base\ifthen.sty"
Package: ifthen 2014/09/29 v1.1c Standard LaTeX ifthen package (DPC)
)
\pb@xlen=\skip60
)
(icml2015.sty
Package: icml2015 2015/01/01 v2.0 ICML Conference Style File

("C:\Users\thfe\AppData\Local\Programs\MiKTeX 2.9\tex\latex\fancyhdr\fancyhdr.s
ty"
\fancy@headwidth=\skip61
\f@ncyO@elh=\skip62
\f@ncyO@erh=\skip63
\f@ncyO@olh=\skip64
\f@ncyO@orh=\skip65
\f@ncyO@elf=\skip66
\f@ncyO@erf=\skip67
\f@ncyO@olf=\skip68
\f@ncyO@orf=\skip69
)
("C:\Users\thfe\AppData\Local\Programs\MiKTeX 2.9\tex\latex\graphics\color.sty"
Package: color 2016/05/09 v1.1c Standard LaTeX Color (DPC)
("C:\Users\thfe\AppData\Local\Programs\MiKTeX 2.9\tex\latex\00miktex\color.cfg"
File: color.cfg 2016/01/02 v1.6 sample color configuration
)
Package color Info: Driver file: pdftex.def on input line 144.
)
("C:\Users\thfe\AppData\Local\Programs\MiKTeX 2.9\tex\latex\algorithms\algorith
m.sty"
Package: algorithm 2009/08/24 v0.1 Document Style `algorithm' - floating enviro
nment

("C:\Users\thfe\AppData\Local\Programs\MiKTeX 2.9\tex\latex\float\float.sty"
Package: float 2001/11/08 v1.3d Float enhancements (AL)
\c@float@type=\count127
\float@exts=\toks21
\float@box=\box54
\@float@everytoks=\toks22
\@floatcapt=\box55
)
\@float@every@algorithm=\toks23
\c@algorithm=\count128
)
("C:\Users\thfe\AppData\Local\Programs\MiKTeX 2.9\tex\latex\algorithms\algorith
mic.sty"
Package: algorithmic 2009/08/24 v0.1 Document Style `algorithmic'
\c@ALC@unique=\count129
\c@ALC@line=\count130
\c@ALC@rem=\count131
\c@ALC@depth=\count132
\ALC@tlm=\skip70
\algorithmicindent=\skip71
)
("C:\Users\thfe\AppData\Local\Programs\MiKTeX 2.9\tex\latex\eso-pic\eso-pic.sty
"
Package: eso-pic 2015/07/21 v2.0g eso-pic (RN)
)
Package hyperref Info: Option `colorlinks' set `true' on input line 98.
\titrun=\box56
\captionbox=\box57
\captionboxwid=\dimen135
\icmlrulerbox=\box58
\icmlrulercount=\count133
\icmlruleroffset=\dimen136
\cv@lineheight=\dimen137
\cv@boxheight=\dimen138
\cv@tmpbox=\box59
\cv@refno=\count134
\cv@tot=\count135
\cv@tmpc@=\count136
\cv@tmpc=\count137
) (poltext.aux

LaTeX Warning: Label `tab:conf_mat_four_class' multiply defined.

)
\openout1 = `poltext.aux'.

LaTeX Font Info:    Checking defaults for OML/cmm/m/it on input line 55.
LaTeX Font Info:    ... okay on input line 55.
LaTeX Font Info:    Checking defaults for T1/cmr/m/n on input line 55.
LaTeX Font Info:    ... okay on input line 55.
LaTeX Font Info:    Checking defaults for OT1/cmr/m/n on input line 55.
LaTeX Font Info:    ... okay on input line 55.
LaTeX Font Info:    Checking defaults for OMS/cmsy/m/n on input line 55.
LaTeX Font Info:    ... okay on input line 55.
LaTeX Font Info:    Checking defaults for OMX/cmex/m/n on input line 55.
LaTeX Font Info:    ... okay on input line 55.
LaTeX Font Info:    Checking defaults for U/cmr/m/n on input line 55.
LaTeX Font Info:    ... okay on input line 55.
LaTeX Font Info:    Checking defaults for PD1/pdf/m/n on input line 55.
LaTeX Font Info:    ... okay on input line 55.
LaTeX Font Info:    Try loading font information for OT1+ptm on input line 55.
 ("C:\Users\thfe\AppData\Local\Programs\MiKTeX 2.9\tex\latex\psnfss\ot1ptm.fd"
File: ot1ptm.fd 2001/06/04 font definitions for OT1/ptm.
)
("C:\Users\thfe\AppData\Local\Programs\MiKTeX 2.9\tex\context\base\supp-pdf.mki
i"
[Loading MPS to PDF converter (version 2006.09.02).]
\scratchcounter=\count138
\scratchdimen=\dimen139
\scratchbox=\box60
\nofMPsegments=\count139
\nofMParguments=\count140
\everyMPshowfont=\toks24
\MPscratchCnt=\count141
\MPscratchDim=\dimen140
\MPnumerator=\count142
\makeMPintoPDFobject=\count143
\everyMPtoPDFconversion=\toks25
)
("C:\Users\thfe\AppData\Local\Programs\MiKTeX 2.9\tex\latex\oberdiek\epstopdf-b
ase.sty"
Package: epstopdf-base 2016/05/15 v2.6 Base part for package epstopdf

("C:\Users\thfe\AppData\Local\Programs\MiKTeX 2.9\tex\latex\oberdiek\grfext.sty
"
Package: grfext 2016/05/16 v1.2 Manage graphics extensions (HO)
)
Package grfext Info: Graphics extension search list:
(grfext)             [.png,.pdf,.jpg,.mps,.jpeg,.jbig2,.jb2,.PNG,.PDF,.JPG,.JPE
G,.JBIG2,.JB2,.eps]
(grfext)             \AppendGraphicsExtensions on input line 456.
)
\AtBeginShipoutBox=\box61
Package hyperref Info: Link coloring ON on input line 55.

("C:\Users\thfe\AppData\Local\Programs\MiKTeX 2.9\tex\latex\hyperref\nameref.st
y"
Package: nameref 2012/10/27 v2.43 Cross-referencing by name of section

("C:\Users\thfe\AppData\Local\Programs\MiKTeX 2.9\tex\generic\oberdiek\gettitle
string.sty"
Package: gettitlestring 2016/05/16 v1.5 Cleanup title references (HO)
)
\c@section@level=\count144
)
LaTeX Info: Redefining \ref on input line 55.
LaTeX Info: Redefining \pageref on input line 55.
LaTeX Info: Redefining \nameref on input line 55.
 (poltext.out) (poltext.out)
\@outlinefile=\write3
\openout3 = `poltext.out'.

LaTeX Font Info:    Font shape `OT1/ptm/bx/n' in size <9> not available
(Font)              Font shape `OT1/ptm/b/n' tried instead on input line 75.
LaTeX Font Info:    Font shape `OT1/ptm/bx/n' in size <14.4> not available
(Font)              Font shape `OT1/ptm/b/n' tried instead on input line 75.

Overfull \hbox (5.1225pt too wide) in paragraph at lines 77--77
 [] 
 []

LaTeX Font Info:    Font shape `OT1/ptm/bx/n' in size <12> not available
(Font)              Font shape `OT1/ptm/b/n' tried instead on input line 77.
LaTeX Font Info:    Try loading font information for U+msa on input line 84.
("C:\Users\thfe\AppData\Local\Programs\MiKTeX 2.9\tex\latex\amsfonts\umsa.fd"
File: umsa.fd 2013/01/14 v3.01 AMS symbols A
)
LaTeX Font Info:    Try loading font information for U+msb on input line 84.

("C:\Users\thfe\AppData\Local\Programs\MiKTeX 2.9\tex\latex\amsfonts\umsb.fd"
File: umsb.fd 2013/01/14 v3.01 AMS symbols B
)
Missing character: There is no Ã in font ptmr7t!
Missing character: There is no © in font ptmr7t!

Underfull \vbox (badness 10000) has occurred while \output is active []

 [1{C:/Users/thfe/AppData/Local/MiKTeX/2.9/pdftex/config/pdftex.map}



]
LaTeX Font Info:    Font shape `OT1/ptm/bx/n' in size <10> not available
(Font)              Font shape `OT1/ptm/b/n' tried instead on input line 96.

Underfull \hbox (badness 1735) in paragraph at lines 97--98
[]\OT1/ptm/m/n/10 Annotated po-lit-i-cal text data was ob-tained from two
 []

LaTeX Font Info:    Try loading font information for OT1+pcr on input line 101.

("C:\Users\thfe\AppData\Local\Programs\MiKTeX 2.9\tex\latex\psnfss\ot1pcr.fd"
File: ot1pcr.fd 2001/06/04 font definitions for OT1/pcr.
)

Package natbib Warning: Citation `manifesto' on page 2 undefined on input line 
104.


Package natbib Warning: Citation `leftright' on page 2 undefined on input line 
104.


Underfull \hbox (badness 1048) in paragraph at lines 104--105
 \OT1/ptm/b/n/10 Party man-i-festo data \OT1/ptm/m/n/10 The party man-i-festo t
ext was
 []


Underfull \hbox (badness 10000) in paragraph at lines 108--108
[][][]\OT1/ptm/m/n/9 The longest state-ment is 522 char-ac-ters long, the
 []


Underfull \hbox (badness 1715) in paragraph at lines 108--108
\OT1/ptm/m/n/9 25%/50%/75% per-centiles are 63/95/135 char-ac-ters. Mea-
 []


Package natbib Warning: Citation `leftright' on page 2 undefined on input line 
108.


Package natbib Warning: Citation `scikit-learn' on page 2 undefined on input li
ne 111.

LaTeX Font Info:    Try loading font information for U+dsrom on input line 111.

("C:\Users\thfe\AppData\Local\Programs\MiKTeX 2.9\tex\latex\dstroke\udsrom.fd"
File: Udsrom.fd 1995/08/01 v0.1 Double stroke roman font definitions
)
Underfull \vbox (badness 10000) has occurred while \output is active []

 [2]
Underfull \hbox (badness 10000) in paragraph at lines 123--126

 []


Package natbib Warning: Citation `leftright' on page 3 undefined on input line 
134.


Package natbib Warning: Citation `remquahey2010' on page 3 undefined on input l
ine 143.


Package natbib Warning: Citation `Zien2009' on page 3 undefined on input line 1
50.


Package natbib Warning: Citation `Haufe2013' on page 3 undefined on input line 
150.


Underfull \vbox (badness 10000) has occurred while \output is active []

 [3]

Package natbib Warning: Citation `Hirst2014' on page 4 undefined on input line 
159.


Package natbib Warning: Citation `Yu2008' on page 4 undefined on input line 161
.


Package natbib Warning: Citation `Hirst2014' on page 4 undefined on input line 
162.


Overfull \hbox (136.17946pt too wide) in paragraph at lines 171--184
 [] 
 []


Overfull \hbox (146.17946pt too wide) in paragraph at lines 193--206
 [] 
 []


LaTeX Warning: Reference `tab:results_17' on page 4 undefined on input line 213
.


LaTeX Warning: Reference `tab:results_18' on page 4 undefined on input line 213
.


LaTeX Warning: Reference `tab:results_17' on page 4 undefined on input line 213
.


LaTeX Warning: Reference `tab:results_18' on page 4 undefined on input line 213
.


Underfull \hbox (badness 10000) in paragraph at lines 249--252

 []


Underfull \vbox (badness 10000) has occurred while \output is active []


Overfull \hbox (85.28973pt too wide) in paragraph at lines 259--278
 [] 
 []


Underfull \hbox (badness 1521) in paragraph at lines 282--283
\OT1/ptm/m/n/10 topic level re-sults for the 17th leg-isla-tive pe-riod are
 []


Underfull \hbox (badness 10000) in paragraph at lines 282--283

 []

[4pdfTeX warning (ext4): destination with the same identifier (name{table.1}) h
as been already used, duplicate ignored

\AtBegShi@Output ...ipout \box \AtBeginShipoutBox 
                                                  \fi \fi 
l.283 
      pdfTeX warning (ext4): destination with the same identifier (name{table.2
}) has been already used, duplicate ignored

\AtBegShi@Output ...ipout \box \AtBeginShipoutBox 
                                                  \fi \fi 
l.283 
      ]
Overfull \hbox (0.56654pt too wide) in paragraph at lines 288--315
[][]
 []


Underfull \hbox (badness 10000) in paragraph at lines 321--348
[][]
 []


Underfull \hbox (badness 10000) in paragraph at lines 321--348

 []


Underfull \vbox (badness 10000) has occurred while \output is active []


Underfull \hbox (badness 1521) in paragraph at lines 397--398
 \OT1/ptm/b/n/10 Green party (gruene) \OT1/ptm/m/n/10 The Green party talks abo
ut
 []


Underfull \hbox (badness 2088) in paragraph at lines 397--398
\OT1/ptm/m/n/10 the for-mal pro-ce-dures avail-able to op-po-si-tion par-ties
 []


Underfull \hbox (badness 1320) in paragraph at lines 397--398
\OT1/ptm/m/n/10 in-ter-est-ingly, about the re-form of the Ger-many army
 []


Underfull \hbox (badness 1205) in paragraph at lines 402--403
 \OT1/ptm/b/n/10 Chris-tian Demo-cratic Union/Christian So-cial Union
 []

<images/party_word_correlations-linke-17.pdf, id=98, 363.18027pt x 767.875pt>
File: images/party_word_correlations-linke-17.pdf Graphic file (type pdf)

<use images/party_word_correlations-linke-17.pdf>
Package pdftex.def Info: images/party_word_correlations-linke-17.pdf used on in
put line 406.
(pdftex.def)             Requested size: 79.6678pt x 168.44092pt.

<images/party_word_correlations-gruene-17.pdf, id=99, 396.11581pt x 767.875pt>
File: images/party_word_correlations-gruene-17.pdf Graphic file (type pdf)

<use images/party_word_correlations-gruene-17.pdf>
Package pdftex.def Info: images/party_word_correlations-gruene-17.pdf used on i
nput line 407.
(pdftex.def)             Requested size: 82.51282pt x 159.94623pt.

<images/party_word_correlations-spd-17.pdf, id=100, 370.45744pt x 767.875pt>
File: images/party_word_correlations-spd-17.pdf Graphic file (type pdf)

<use images/party_word_correlations-spd-17.pdf>
Package pdftex.def Info: images/party_word_correlations-spd-17.pdf used on inpu
t line 408.
(pdftex.def)             Requested size: 85.35826pt x 176.92389pt.

<images/party_word_correlations-cducsu-17.pdf, id=101, 370.45744pt x 767.875pt>
File: images/party_word_correlations-cducsu-17.pdf Graphic file (type pdf)
<use images/party_word_correlations-cducsu-17.pdf>
Package pdftex.def Info: images/party_word_correlations-cducsu-17.pdf used on i
nput line 409.
(pdftex.def)             Requested size: 85.35826pt x 176.92389pt.


Package natbib Warning: Citation `Yu2008' on page 5 undefined on input line 419
.


Underfull \hbox (badness 2818) in paragraph at lines 419--420
[]\OT1/ptm/m/n/10 Next to the party af-fil-i-a-tion la-bels also gov-ern-ment
 []


Underfull \hbox (badness 10000) in paragraph at lines 419--420

 []

[5pdfTeX warning (ext4): destination with the same identifier (name{table.3}) h
as been already used, duplicate ignored

\AtBegShi@Output ...ipout \box \AtBeginShipoutBox 
                                                  \fi \fi 
l.420 
      pdfTeX warning (ext4): destination with the same identifier (name{table.4
}) has been already used, duplicate ignored

\AtBegShi@Output ...ipout \box \AtBeginShipoutBox 
                                                  \fi \fi 
l.420 
      ] [6pdfTeX warning (ext4): destination with the same identifier (name{fig
ure.1}) has been already used, duplicate ignored

\AtBegShi@Output ...ipout \box \AtBeginShipoutBox 
                                                  \fi \fi 
l.427 N
       ote that there is one party, the social democrats (SPD), which has ma...
pdfTeX warning (ext4): destination with the same identifier (name{table.5}) has
 been already used, duplicate ignored

\AtBegShi@Output ...ipout \box \AtBeginShipoutBox 
                                                  \fi \fi 
l.427 N
       ote that there is one party, the social democrats (SPD), which has ma...
 <./images/party_word_correlations-linke-17.pdf> <./images/party_word_correlati
ons-gruene-17.pdf

pdfTeX warning: pdflatex (file ./images/party_word_correlations-gruene-17.pdf):
 PDF inclusion: multiple pdfs with page group included in a single page
> <./images/party_word_correlations-spd-17.pdf

pdfTeX warning: pdflatex (file ./images/party_word_correlations-spd-17.pdf): PD
F inclusion: multiple pdfs with page group included in a single page
> <./images/party_word_correlations-cducsu-17.pdf

pdfTeX warning: pdflatex (file ./images/party_word_correlations-cducsu-17.pdf):
 PDF inclusion: multiple pdfs with page group included in a single page
>] <images/party-sentiments-17.pdf, id=264, 497.88509pt x 280.73633pt>
File: images/party-sentiments-17.pdf Graphic file (type pdf)

<use images/party-sentiments-17.pdf>
Package pdftex.def Info: images/party-sentiments-17.pdf used on input line 432.

(pdftex.def)             Requested size: 170.71652pt x 96.2587pt.

<images/party-sentiments-18.pdf, id=265, 413.87123pt x 280.73633pt>
File: images/party-sentiments-18.pdf Graphic file (type pdf)

<use images/party-sentiments-18.pdf>
Package pdftex.def Info: images/party-sentiments-18.pdf used on input line 432.

(pdftex.def)             Requested size: 142.26378pt x 96.49858pt.

Underfull \hbox (badness 10000) in paragraph at lines 461--461
[][][][][]$\OT1/pcr/m/n/9 http : / / www . spiegel . de / politik$[][]\OT1/ptm/
m/n/9 , [][]$\OT1/pcr/m/n/9 http :
 []


Underfull \hbox (badness 10000) in paragraph at lines 461--461
\OT1/pcr/m/n/9 / / www . faz . net / aktuell / politik$[][]\OT1/ptm/m/n/9 , [][
]$\OT1/pcr/m/n/9 http : / / www .
 []


Package natbib Warning: Citation `leftright' on page 7 undefined on input line 
461.


Package natbib Warning: Citation `fipidemo' on page 7 undefined on input line 4
61.


Package natbib Warning: Citation `fipi' on page 7 undefined on input line 461.


Package natbib Warning: Citation `Yu2008' on page 7 undefined on input line 474
.


Package natbib Warning: Citation `Hirst2014' on page 7 undefined on input line 
474.


Package natbib Warning: Citation `Yu2008' on page 7 undefined on input line 477
.


Package natbib Warning: Citation `Hirst2014' on page 7 undefined on input line 
477.

[7pdfTeX warning (ext4): destination with the same identifier (name{table.6}) h
as been already used, duplicate ignored

\AtBegShi@Output ...ipout \box \AtBeginShipoutBox 
                                                  \fi \fi 
l.478 
      pdfTeX warning (ext4): destination with the same identifier (name{figure.
2}) has been already used, duplicate ignored

\AtBegShi@Output ...ipout \box \AtBeginShipoutBox 
                                                  \fi \fi 
l.478 
      pdfTeX warning (ext4): destination with the same identifier (name{figure.
3}) has been already used, duplicate ignored

\AtBegShi@Output ...ipout \box \AtBeginShipoutBox 
                                                  \fi \fi 
l.478 
       <./images/party-sentiments-17.pdf> <./images/party-sentiments-18.pdf

pdfTeX warning: pdflatex (file ./images/party-sentiments-18.pdf): PDF inclusion
: multiple pdfs with page group included in a single page
>]
Underfull \hbox (badness 1642) in paragraph at lines 479--481
\OT1/ptm/m/n/10 of the domain-adaptation prob-lems en-coun-tered when
 []


Underfull \hbox (badness 10000) in paragraph at lines 479--481

 []


Package natbib Warning: Citation `fipi' on page 8 undefined on input line 483.


Package natbib Warning: Citation `fipidemo' on page 8 undefined on input line 4
83.

(poltext.bbl)

Package natbib Warning: There were undefined citations.

Package atveryend Info: Empty hook `BeforeClearDocument' on input line 494.
[8pdfTeX warning (ext4): destination with the same identifier (name{table.7}) h
as been already used, duplicate ignored

\AtBegShi@Output ...ipout \box \AtBeginShipoutBox 
                                                  \fi \fi 
l.494 \end{document}
                    pdfTeX warning (ext4): destination with the same identifier
 (name{table.8}) has been already used, duplicate ignored

\AtBegShi@Output ...ipout \box \AtBeginShipoutBox 
                                                  \fi \fi 
l.494 \end{document}
                    pdfTeX warning (ext4): destination with the same identifier
 (name{table.9}) has been already used, duplicate ignored

\AtBegShi@Output ...ipout \box \AtBeginShipoutBox 
                                                  \fi \fi 
l.494 \end{document}
                    ]
Package atveryend Info: Empty hook `AfterLastShipout' on input line 494.
 (poltext.aux)
Package atveryend Info: Executing hook `AtVeryEndDocument' on input line 494.
Package atveryend Info: Executing hook `AtEndAfterFileList' on input line 494.
Package rerunfilecheck Info: File `poltext.out' has not changed.
(rerunfilecheck)             Checksum: D41D8CD98F00B204E9800998ECF8427E;0.


LaTeX Warning: There were undefined references.


LaTeX Warning: There were multiply-defined labels.

Package atveryend Info: Empty hook `AtVeryVeryEnd' on input line 494.
 ) 
Here is how much of TeX's memory you used:
 7484 strings out of 493335
 108606 string characters out of 3130663
 236976 words of memory out of 3000000
 10814 multiletter control sequences out of 15000+200000
 29189 words of font info for 71 fonts, out of 3000000 for 9000
 1141 hyphenation exceptions out of 8191
 31i,18n,45p,1968b,342s stack positions out of 5000i,500n,10000p,200000b,50000s
{C:/Users/thfe/AppData/Local/Programs/MiKTeX 2.9/fonts/enc/dvips/fontname/8r.
enc}<C:/Users/thfe/AppData/Local/Programs/MiKTeX 2.9/fonts/type1/public/amsfont
s/cm/cmbx10.pfb><C:/Users/thfe/AppData/Local/Programs/MiKTeX 2.9/fonts/type1/pu
blic/amsfonts/cm/cmex10.pfb><C:/Users/thfe/AppData/Local/Programs/MiKTeX 2.9/fo
nts/type1/public/amsfonts/cmextra/cmex7.pfb><C:/Users/thfe/AppData/Local/Progra
ms/MiKTeX 2.9/fonts/type1/public/amsfonts/cm/cmmi10.pfb><C:/Users/thfe/AppData/
Local/Programs/MiKTeX 2.9/fonts/type1/public/amsfonts/cm/cmmi5.pfb><C:/Users/th
fe/AppData/Local/Programs/MiKTeX 2.9/fonts/type1/public/amsfonts/cm/cmmi7.pfb><
C:/Users/thfe/AppData/Local/Programs/MiKTeX 2.9/fonts/type1/public/amsfonts/cm/
cmmi9.pfb><C:/Users/thfe/AppData/Local/Programs/MiKTeX 2.9/fonts/type1/public/a
msfonts/cm/cmr10.pfb><C:/Users/thfe/AppData/Local/Programs/MiKTeX 2.9/fonts/typ
e1/public/amsfonts/cm/cmr5.pfb><C:/Users/thfe/AppData/Local/Programs/MiKTeX 2.9
/fonts/type1/public/amsfonts/cm/cmr7.pfb><C:/Users/thfe/AppData/Local/Programs/
MiKTeX 2.9/fonts/type1/public/amsfonts/cm/cmsy10.pfb><C:/Users/thfe/AppData/Loc
al/Programs/MiKTeX 2.9/fonts/type1/public/amsfonts/cm/cmsy7.pfb><C:/Users/thfe/
AppData/Local/Programs/MiKTeX 2.9/fonts/type1/public/dstroke/dsrom10.pfb><C:/Us
ers/thfe/AppData/Local/Programs/MiKTeX 2.9/fonts/type1/urw/courier/ucrr8a.pfb><
C:/Users/thfe/AppData/Local/Programs/MiKTeX 2.9/fonts/type1/urw/times/utmb8a.pf
b><C:/Users/thfe/AppData/Local/Programs/MiKTeX 2.9/fonts/type1/urw/times/utmr8a
.pfb><C:/Users/thfe/AppData/Local/Programs/MiKTeX 2.9/fonts/type1/urw/times/utm
r8a.pfb><C:/Users/thfe/AppData/Local/Programs/MiKTeX 2.9/fonts/type1/urw/times/
utmri8a.pfb>
Output written on poltext.pdf (8 pages, 323551 bytes).
PDF statistics:
 451 PDF objects out of 1000 (max. 8388607)
 49 named destinations out of 1000 (max. 500000)
 31 words of extra memory for PDF output out of 10000 (max. 10000000)

